[2018-10-29 18:15:08.417] [ERROR] pomelo-rpc - [31m[mqtt-acceptor] [39mprocess rpc message error ReferenceError: pomelo is not defined
    at Handler.login (D:\game_d\game_d\pomelo_server\game-server\app\servers\main\handler\loginHandler.js:15:2)
    at Service.handle (D:\game_d\game_d\pomelo_server\game-server\node_modules\pomelo\lib\common\service\handlerService.js:59:20)
    at handle (D:\game_d\game_d\pomelo_server\game-server\node_modules\pomelo\lib\server\server.js:375:25)
    at next (D:\game_d\game_d\pomelo_server\game-server\node_modules\pomelo\lib\common\service\filterService.js:50:7)
    at Service.beforeFilter (D:\game_d\game_d\pomelo_server\game-server\node_modules\pomelo\lib\common\service\filterService.js:65:3)
    at beforeFilter (D:\game_d\game_d\pomelo_server\game-server\node_modules\pomelo\lib\server\server.js:242:8)
    at doHandle (D:\game_d\game_d\pomelo_server\game-server\node_modules\pomelo\lib\server\server.js:388:3)
    at Server.pro.handle (D:\game_d\game_d\pomelo_server\game-server\node_modules\pomelo\lib\server\server.js:125:3)
    at Component.pro.handle (D:\game_d\game_d\pomelo_server\game-server\node_modules\pomelo\lib\components\server.js:67:14)
    at Remote.forwardMessage (D:\game_d\game_d\pomelo_server\game-server\node_modules\pomelo\lib\common\remote\backend\msgRemote.js:45:10)
[2018-10-29 18:17:27.322] [ERROR] pomelo-rpc - [31m[mqtt-acceptor] [39mprocess rpc message error TypeError: Cannot read property 'query' of undefined
    at Handler.login (D:\game_d\game_d\pomelo_server\game-server\app\servers\main\handler\loginHandler.js:18:28)
    at Service.handle (D:\game_d\game_d\pomelo_server\game-server\node_modules\pomelo\lib\common\service\handlerService.js:59:20)
    at handle (D:\game_d\game_d\pomelo_server\game-server\node_modules\pomelo\lib\server\server.js:375:25)
    at next (D:\game_d\game_d\pomelo_server\game-server\node_modules\pomelo\lib\common\service\filterService.js:50:7)
    at Service.beforeFilter (D:\game_d\game_d\pomelo_server\game-server\node_modules\pomelo\lib\common\service\filterService.js:65:3)
    at beforeFilter (D:\game_d\game_d\pomelo_server\game-server\node_modules\pomelo\lib\server\server.js:242:8)
    at doHandle (D:\game_d\game_d\pomelo_server\game-server\node_modules\pomelo\lib\server\server.js:388:3)
    at Server.pro.handle (D:\game_d\game_d\pomelo_server\game-server\node_modules\pomelo\lib\server\server.js:125:3)
    at Component.pro.handle (D:\game_d\game_d\pomelo_server\game-server\node_modules\pomelo\lib\components\server.js:67:14)
    at Remote.forwardMessage (D:\game_d\game_d\pomelo_server\game-server\node_modules\pomelo\lib\common\remote\backend\msgRemote.js:45:10)
[2018-10-30 12:17:41.378] [ERROR] pomelo-rpc - [31m[mqtt-acceptor] [39mprocess rpc message error TypeError: Cannot read property 'host' of undefined
    at Object.create (D:\game_d\game_d\pomelo_server\game-server\app\dao\mysql\dao-pool.js:13:23)
    at Pool._createResource (D:\game_d\game_d\pomelo_server\game-server\node_modules\generic-pool\lib\Pool.js:308:42)
    at Pool._dispense (D:\game_d\game_d\pomelo_server\game-server\node_modules\generic-pool\lib\Pool.js:226:12)
    at Pool.acquire (D:\game_d\game_d\pomelo_server\game-server\node_modules\generic-pool\lib\Pool.js:453:10)
    at Object.NND.query (D:\game_d\game_d\pomelo_server\game-server\app\dao\mysql\mysql.js:24:8)
    at Handler.login (D:\game_d\game_d\pomelo_server\game-server\app\servers\main\handler\loginHandler.js:18:29)
    at Service.handle (D:\game_d\game_d\pomelo_server\game-server\node_modules\pomelo\lib\common\service\handlerService.js:59:20)
    at handle (D:\game_d\game_d\pomelo_server\game-server\node_modules\pomelo\lib\server\server.js:375:25)
    at next (D:\game_d\game_d\pomelo_server\game-server\node_modules\pomelo\lib\common\service\filterService.js:50:7)
    at Service.beforeFilter (D:\game_d\game_d\pomelo_server\game-server\node_modules\pomelo\lib\common\service\filterService.js:65:3)
[2018-10-30 12:18:17.612] [ERROR] pomelo-rpc - [31m[mqtt-acceptor] [39mprocess rpc message error TypeError: Cannot read property 'host' of undefined
    at Object.create (D:\game_d\game_d\pomelo_server\game-server\app\dao\mysql\dao-pool.js:13:23)
    at Pool._createResource (D:\game_d\game_d\pomelo_server\game-server\node_modules\generic-pool\lib\Pool.js:308:42)
    at Pool._dispense (D:\game_d\game_d\pomelo_server\game-server\node_modules\generic-pool\lib\Pool.js:226:12)
    at Pool.acquire (D:\game_d\game_d\pomelo_server\game-server\node_modules\generic-pool\lib\Pool.js:453:10)
    at Object.NND.query (D:\game_d\game_d\pomelo_server\game-server\app\dao\mysql\mysql.js:24:8)
    at Handler.login (D:\game_d\game_d\pomelo_server\game-server\app\servers\main\handler\loginHandler.js:18:29)
    at Service.handle (D:\game_d\game_d\pomelo_server\game-server\node_modules\pomelo\lib\common\service\handlerService.js:59:20)
    at handle (D:\game_d\game_d\pomelo_server\game-server\node_modules\pomelo\lib\server\server.js:375:25)
    at next (D:\game_d\game_d\pomelo_server\game-server\node_modules\pomelo\lib\common\service\filterService.js:50:7)
    at Service.beforeFilter (D:\game_d\game_d\pomelo_server\game-server\node_modules\pomelo\lib\common\service\filterService.js:65:3)
[2018-10-30 12:20:16.925] [ERROR] pomelo-rpc - [31m[mqtt-acceptor] [39mprocess rpc message error TypeError: Cannot read property 'host' of undefined
    at Object.create (D:\game_d\game_d\pomelo_server\game-server\app\dao\mysql\dao-pool.js:13:23)
    at Pool._createResource (D:\game_d\game_d\pomelo_server\game-server\node_modules\generic-pool\lib\Pool.js:308:42)
    at Pool._dispense (D:\game_d\game_d\pomelo_server\game-server\node_modules\generic-pool\lib\Pool.js:226:12)
    at Pool.acquire (D:\game_d\game_d\pomelo_server\game-server\node_modules\generic-pool\lib\Pool.js:453:10)
    at Object.NND.query (D:\game_d\game_d\pomelo_server\game-server\app\dao\mysql\mysql.js:24:8)
    at Handler.login (D:\game_d\game_d\pomelo_server\game-server\app\servers\main\handler\loginHandler.js:18:29)
    at Service.handle (D:\game_d\game_d\pomelo_server\game-server\node_modules\pomelo\lib\common\service\handlerService.js:59:20)
    at handle (D:\game_d\game_d\pomelo_server\game-server\node_modules\pomelo\lib\server\server.js:375:25)
    at next (D:\game_d\game_d\pomelo_server\game-server\node_modules\pomelo\lib\common\service\filterService.js:50:7)
    at Service.beforeFilter (D:\game_d\game_d\pomelo_server\game-server\node_modules\pomelo\lib\common\service\filterService.js:65:3)
[2018-10-30 12:20:46.258] [ERROR] pomelo-rpc - [31m[mqtt-acceptor] [39mprocess rpc message error TypeError: Cannot read property 'host' of undefined
    at Object.create (D:\game_d\game_d\pomelo_server\game-server\app\dao\mysql\dao-pool.js:13:23)
    at Pool._createResource (D:\game_d\game_d\pomelo_server\game-server\node_modules\generic-pool\lib\Pool.js:308:42)
    at Pool._dispense (D:\game_d\game_d\pomelo_server\game-server\node_modules\generic-pool\lib\Pool.js:226:12)
    at Pool.acquire (D:\game_d\game_d\pomelo_server\game-server\node_modules\generic-pool\lib\Pool.js:453:10)
    at Object.NND.query (D:\game_d\game_d\pomelo_server\game-server\app\dao\mysql\mysql.js:24:8)
    at Handler.login (D:\game_d\game_d\pomelo_server\game-server\app\servers\main\handler\loginHandler.js:18:29)
    at Service.handle (D:\game_d\game_d\pomelo_server\game-server\node_modules\pomelo\lib\common\service\handlerService.js:59:20)
    at handle (D:\game_d\game_d\pomelo_server\game-server\node_modules\pomelo\lib\server\server.js:375:25)
    at next (D:\game_d\game_d\pomelo_server\game-server\node_modules\pomelo\lib\common\service\filterService.js:50:7)
    at Service.beforeFilter (D:\game_d\game_d\pomelo_server\game-server\node_modules\pomelo\lib\common\service\filterService.js:65:3)
[2018-10-30 12:26:33.861] [ERROR] pomelo-rpc - [31m[mqtt-acceptor] [39mprocess rpc message error TypeError: callback is not a function
    at Object.create (D:\game_d\game_d\pomelo_server\game-server\app\dao\mysql\dao-pool.js:19:4)
    at Pool._createResource (D:\game_d\game_d\pomelo_server\game-server\node_modules\generic-pool\lib\Pool.js:308:42)
    at Pool._dispense (D:\game_d\game_d\pomelo_server\game-server\node_modules\generic-pool\lib\Pool.js:226:12)
    at Pool.acquire (D:\game_d\game_d\pomelo_server\game-server\node_modules\generic-pool\lib\Pool.js:453:10)
    at Object.NND.query (D:\game_d\game_d\pomelo_server\game-server\app\dao\mysql\mysql.js:24:8)
    at Handler.login (D:\game_d\game_d\pomelo_server\game-server\app\servers\main\handler\loginHandler.js:18:29)
    at Service.handle (D:\game_d\game_d\pomelo_server\game-server\node_modules\pomelo\lib\common\service\handlerService.js:59:20)
    at handle (D:\game_d\game_d\pomelo_server\game-server\node_modules\pomelo\lib\server\server.js:375:25)
    at next (D:\game_d\game_d\pomelo_server\game-server\node_modules\pomelo\lib\common\service\filterService.js:50:7)
    at Service.beforeFilter (D:\game_d\game_d\pomelo_server\game-server\node_modules\pomelo\lib\common\service\filterService.js:65:3)
[2018-10-30 12:28:06.364] [ERROR] pomelo-rpc - [31m[mqtt-acceptor] [39mprocess rpc message error TypeError: callback is not a function
    at Object.create (D:\game_d\game_d\pomelo_server\game-server\app\dao\mysql\dao-pool.js:20:4)
    at Pool._createResource (D:\game_d\game_d\pomelo_server\game-server\node_modules\generic-pool\lib\Pool.js:308:42)
    at Pool._dispense (D:\game_d\game_d\pomelo_server\game-server\node_modules\generic-pool\lib\Pool.js:226:12)
    at Pool.acquire (D:\game_d\game_d\pomelo_server\game-server\node_modules\generic-pool\lib\Pool.js:453:10)
    at Object.NND.query (D:\game_d\game_d\pomelo_server\game-server\app\dao\mysql\mysql.js:24:8)
    at Handler.login (D:\game_d\game_d\pomelo_server\game-server\app\servers\main\handler\loginHandler.js:18:29)
    at Service.handle (D:\game_d\game_d\pomelo_server\game-server\node_modules\pomelo\lib\common\service\handlerService.js:59:20)
    at handle (D:\game_d\game_d\pomelo_server\game-server\node_modules\pomelo\lib\server\server.js:375:25)
    at next (D:\game_d\game_d\pomelo_server\game-server\node_modules\pomelo\lib\common\service\filterService.js:50:7)
    at Service.beforeFilter (D:\game_d\game_d\pomelo_server\game-server\node_modules\pomelo\lib\common\service\filterService.js:65:3)
