[2018-08-31 11:55:49.170] [INFO] pomelo - [32m[D:\game_d\game_d\pomelo_server\game-server\node_modules\pomelo\lib\application.js] [39mapplication inited: "connector-server-1"
[2018-08-31 11:55:49.750] [INFO] pomelo - [32m[D:\game_d\game_d\pomelo_server\game-server\node_modules\pomelo\lib\application.js] [39m"connector-server-1" enter after start...
[2018-08-31 11:55:49.753] [INFO] pomelo - [32m[D:\game_d\game_d\pomelo_server\game-server\node_modules\pomelo\lib\application.js] [39m"connector-server-1" finish start
[2018-08-31 11:55:49.753] [INFO] pomelo - [32m[D:\game_d\game_d\pomelo_server\game-server\node_modules\pomelo\lib\application.js] [39m"connector-server-1" startup in 497 ms
[2018-08-31 11:56:42.671] [DEBUG] pomelo - [36m[D:\game_d\game_d\pomelo_server\game-server\node_modules\pomelo\lib\components\connector.js] [39m[connector-server-1] getSession session is created with session id: 1
[2018-08-31 11:56:42.682] [DEBUG] pomelo - [36m[D:\game_d\game_d\pomelo_server\game-server\node_modules\pomelo\lib\components\connector.js] [39m[connector-server-1] handleMessage session id: 1, msg: {"id":1,"type":0,"compressRoute":0,"route":"connector.entryHandler.entry","body":"hello pomelo","compressGzip":0}
[2018-08-31 11:56:42.686] [DEBUG] pomelo - [36m[D:\game_d\game_d\pomelo_server\game-server\node_modules\pomelo\lib\components\connector.js] [39m[connector-server-1] send message reqId: 1, route: connector.entryHandler.entry, msg: {"code":200,"msg":"game server is ok."}, receivers: [1], opts: {"type":"response","userOptions":{},"isResponse":true}
[2018-08-31 14:23:51.526] [DEBUG] pomelo - [36m[D:\game_d\game_d\pomelo_server\game-server\node_modules\pomelo\lib\common\service\sessionService.js] [39msession on [connector-server-1] is closed with session id: 1
[2018-08-31 14:30:44.091] [DEBUG] pomelo - [36m[D:\game_d\game_d\pomelo_server\game-server\node_modules\pomelo\lib\components\connector.js] [39m[connector-server-1] getSession session is created with session id: 2
[2018-08-31 14:30:44.174] [ERROR] pomelo - [31m[D:\game_d\game_d\pomelo_server\game-server\node_modules\pomelo\lib\connectors\common\handler.js] [39mcould not find handle invalid data package.
[2018-08-31 14:30:44.174] [DEBUG] pomelo - [36m[D:\game_d\game_d\pomelo_server\game-server\node_modules\pomelo\lib\common\service\sessionService.js] [39msession on [connector-server-1] is closed with session id: 2
[2018-08-31 14:36:03.939] [DEBUG] pomelo - [36m[D:\game_d\game_d\pomelo_server\game-server\node_modules\pomelo\lib\components\connector.js] [39m[connector-server-1] getSession session is created with session id: 3
[2018-08-31 14:36:04.048] [DEBUG] pomelo - [36m[D:\game_d\game_d\pomelo_server\game-server\node_modules\pomelo\lib\components\connector.js] [39m[connector-server-1] handleMessage session id: 3, msg: {"id":1,"type":0,"compressRoute":1,"route":"connector.entryHandler.entry","body":"hello world","compressGzip":0}
[2018-08-31 14:36:04.048] [DEBUG] pomelo - [36m[D:\game_d\game_d\pomelo_server\game-server\node_modules\pomelo\lib\components\connector.js] [39m[connector-server-1] send message reqId: 1, route: connector.entryHandler.entry, msg: {"code":200,"msg":"game server is ok."}, receivers: [3], opts: {"type":"response","userOptions":{},"isResponse":true}
[2018-08-31 14:36:13.062] [INFO] pomelo - [32m[D:\game_d\game_d\pomelo_server\game-server\node_modules\pomelo\lib\connectors\commands\heartbeat.js] [39mclient 3 heartbeat timeout.
[2018-08-31 14:36:13.062] [DEBUG] pomelo - [36m[D:\game_d\game_d\pomelo_server\game-server\node_modules\pomelo\lib\common\service\sessionService.js] [39msession on [connector-server-1] is closed with session id: 3
[2018-08-31 14:44:09.130] [DEBUG] pomelo - [36m[D:\game_d\game_d\pomelo_server\game-server\node_modules\pomelo\lib\components\connector.js] [39m[connector-server-1] getSession session is created with session id: 4
[2018-08-31 14:44:46.617] [DEBUG] pomelo - [36m[D:\game_d\game_d\pomelo_server\game-server\node_modules\pomelo\lib\components\connector.js] [39m[connector-server-1] handleMessage session id: 4, msg: {"id":1,"type":0,"compressRoute":1,"route":"connector.entryHandler.entry","body":"hello world","compressGzip":0}
[2018-08-31 14:44:46.617] [DEBUG] pomelo - [36m[D:\game_d\game_d\pomelo_server\game-server\node_modules\pomelo\lib\components\connector.js] [39m[connector-server-1] send message reqId: 1, route: connector.entryHandler.entry, msg: {"code":200,"msg":"game server is ok."}, receivers: [4], opts: {"type":"response","userOptions":{},"isResponse":true}
[2018-08-31 14:45:16.653] [INFO] pomelo - [32m[D:\game_d\game_d\pomelo_server\game-server\node_modules\pomelo\lib\connectors\commands\heartbeat.js] [39mclient 4 heartbeat timeout.
[2018-08-31 14:45:16.653] [DEBUG] pomelo - [36m[D:\game_d\game_d\pomelo_server\game-server\node_modules\pomelo\lib\common\service\sessionService.js] [39msession on [connector-server-1] is closed with session id: 4
[2018-08-31 14:48:36.694] [DEBUG] pomelo - [36m[D:\game_d\game_d\pomelo_server\game-server\node_modules\pomelo\lib\components\connector.js] [39m[connector-server-1] getSession session is created with session id: 5
[2018-08-31 14:48:41.789] [DEBUG] pomelo - [36m[D:\game_d\game_d\pomelo_server\game-server\node_modules\pomelo\lib\components\connector.js] [39m[connector-server-1] handleMessage session id: 5, msg: {"id":1,"type":0,"compressRoute":1,"route":"connector.entryHandler.entry","body":"hello world","compressGzip":0}
[2018-08-31 14:48:41.789] [DEBUG] pomelo - [36m[D:\game_d\game_d\pomelo_server\game-server\node_modules\pomelo\lib\components\connector.js] [39m[connector-server-1] send message reqId: 1, route: connector.entryHandler.entry, msg: {"code":200,"msg":"game server is ok."}, receivers: [5], opts: {"type":"response","userOptions":{},"isResponse":true}
[2018-08-31 14:48:58.091] [INFO] pomelo - [32m[D:\game_d\game_d\pomelo_server\game-server\node_modules\pomelo\lib\connectors\commands\heartbeat.js] [39mclient 5 heartbeat timeout.
[2018-08-31 14:48:58.091] [DEBUG] pomelo - [36m[D:\game_d\game_d\pomelo_server\game-server\node_modules\pomelo\lib\common\service\sessionService.js] [39msession on [connector-server-1] is closed with session id: 5
[2018-08-31 15:06:12.909] [DEBUG] pomelo - [36m[D:\game_d\game_d\pomelo_server\game-server\node_modules\pomelo\lib\components\connector.js] [39m[connector-server-1] getSession session is created with session id: 6
[2018-08-31 15:06:12.979] [DEBUG] pomelo - [36m[D:\game_d\game_d\pomelo_server\game-server\node_modules\pomelo\lib\components\connector.js] [39m[connector-server-1] handleMessage session id: 6, msg: {"id":1,"type":0,"compressRoute":1,"route":"connector.entryHandler.entry","body":"hello world","compressGzip":0}
[2018-08-31 15:06:12.980] [DEBUG] pomelo - [36m[D:\game_d\game_d\pomelo_server\game-server\node_modules\pomelo\lib\components\connector.js] [39m[connector-server-1] send message reqId: 1, route: connector.entryHandler.entry, msg: {"code":200,"msg":"game server is ok."}, receivers: [6], opts: {"type":"response","userOptions":{},"isResponse":true}
[2018-08-31 15:06:18.979] [INFO] pomelo - [32m[D:\game_d\game_d\pomelo_server\game-server\node_modules\pomelo\lib\connectors\commands\heartbeat.js] [39mclient 6 heartbeat timeout.
[2018-08-31 15:06:18.979] [DEBUG] pomelo - [36m[D:\game_d\game_d\pomelo_server\game-server\node_modules\pomelo\lib\common\service\sessionService.js] [39msession on [connector-server-1] is closed with session id: 6
[2018-08-31 15:06:53.920] [DEBUG] pomelo - [36m[D:\game_d\game_d\pomelo_server\game-server\node_modules\pomelo\lib\components\connector.js] [39m[connector-server-1] getSession session is created with session id: 7
[2018-08-31 15:06:53.991] [DEBUG] pomelo - [36m[D:\game_d\game_d\pomelo_server\game-server\node_modules\pomelo\lib\components\connector.js] [39m[connector-server-1] handleMessage session id: 7, msg: {"id":1,"type":0,"compressRoute":1,"route":"connector.entryHandler.entry","body":"hello world","compressGzip":0}
[2018-08-31 15:06:53.992] [DEBUG] pomelo - [36m[D:\game_d\game_d\pomelo_server\game-server\node_modules\pomelo\lib\components\connector.js] [39m[connector-server-1] send message reqId: 1, route: connector.entryHandler.entry, msg: {"code":200,"msg":"game server is ok."}, receivers: [7], opts: {"type":"response","userOptions":{},"isResponse":true}
[2018-08-31 15:18:12.810] [DEBUG] pomelo - [36m[D:\game_d\game_d\pomelo_server\game-server\node_modules\pomelo\lib\common\service\sessionService.js] [39msession on [connector-server-1] is closed with session id: 7
